#
# A fatal error has been detected by the Java Runtime Environment:
#
#  EXCEPTION_ACCESS_VIOLATION (0xc0000005) at pc=0x0000000069c07cea, pid=5004, tid=0x0000000000000dd8
#
# JRE version: OpenJDK Runtime Environment (8.0_202-b03) (build 1.8.0_202-release-1483-b03)
# Java VM: OpenJDK 64-Bit Server VM (25.202-b03 mixed mode windows-amd64 compressed oops)
# Problematic frame:
# V  [jvm.dll+0x437cea]
#
# Failed to write core dump. Minidumps are not enabled by default on client versions of Windows
#
# If you would like to submit a bug report, please visit:
#   http://bugreport.java.com/bugreport/crash.jsp
#

---------------  T H R E A D  ---------------

Current thread (0x0000000057cc0800):  JavaThread "C2 CompilerThread1" daemon [_thread_in_native, id=3544, stack(0x0000000058270000,0x0000000058370000)]

siginfo: ExceptionCode=0xc0000005, reading address 0x00000003b8b97660

Registers:
RAX=0x0000000069c17550, RBX=0x000000005cc635e0, RCX=0x0000000069df7f58, RDX=0x0000000000000008
RSP=0x000000005836c1f0, RBP=0x0000000000000004, RSI=0x000000005836c3a0, RDI=0x00000000000001a1
R8 =0x000000006aadcbe0, R9 =0x0000000000000000, R10=0x00000000697d0000, R11=0x000000005836c180
R12=0x000000005cc63730, R13=0x0000000000000001, R14=0x0000000000000008, R15=0x0000000000000000
RIP=0x0000000069c07cea, EFLAGS=0x0000000000010202

Top of Stack: (sp=0x000000005836c1f0)
0x000000005836c1f0:   0000000000000001 000000005cc63970
0x000000005836c200:   0000000000000001 0000000000000008
0x000000005836c210:   00000000000003d8 000000006e78fe08
0x000000005836c220:   000000006e78fa30 0000000000000000
0x000000005836c230:   00000000000001a1 0000000000000d08
0x000000005836c240:   000000005836c3a0 0000000069c07c44
0x000000005836c250:   000000005836c3a0 0000000000000000
0x000000005836c260:   000000005836c380 000000005836c5f0
0x000000005836c270:   000000005836c5f0 0000000069c06b79
0x000000005836c280:   000000006e78fa20 000000005836c700
0x000000005836c290:   0000000000000000 0000000000000000
0x000000005836c2a0:   0000000000000006 000000006e78fa20
0x000000005836c2b0:   000000005f437d40 000000005f43f670
0x000000005836c2c0:   000000005f43fd28 00000000001148d8
0x000000005836c2d0:   0000000000000006 000000006b762c10
0x000000005836c2e0:   000000006b762c10 000000006b762c20 

Instructions: (pc=0x0000000069c07cea)
0x0000000069c07cca:   68 0f 1f 44 00 00 85 d2 74 09 48 8b 43 20 48 8b
0x0000000069c07cda:   00 eb 02 33 c0 48 8b 40 08 48 8b 0c e8 8b 41 28
0x0000000069c07cea:   4d 39 24 c0 74 05 48 ff c5 eb db 83 7b 28 01 41
0x0000000069c07cfa:   8b fd 76 4d 4c 8b 6c 24 60 49 8b f6 3b 7b 18 73 


Register to memory mapping:

RAX=0x0000000069c17550 is an unknown value
RBX=0x000000005cc635e0 is an unknown value
RCX=0x0000000069df7f58 is an unknown value
RDX=0x0000000000000008 is an unknown value
RSP=0x000000005836c1f0 is pointing into the stack for thread: 0x0000000057cc0800
RBP=0x0000000000000004 is an unknown value
RSI=0x000000005836c3a0 is pointing into the stack for thread: 0x0000000057cc0800
RDI=0x00000000000001a1 is an unknown value
R8 =0x000000006aadcbe0 is an unknown value
R9 =0x0000000000000000 is an unknown value
R10=0x00000000697d0000 is an unknown value
R11=0x000000005836c180 is pointing into the stack for thread: 0x0000000057cc0800
R12=0x000000005cc63730 is an unknown value
R13=0x0000000000000001 is an unknown value
R14=0x0000000000000008 is an unknown value
R15=0x0000000000000000 is an unknown value


Stack: [0x0000000058270000,0x0000000058370000],  sp=0x000000005836c1f0,  free space=1008k
Native frames: (J=compiled Java code, j=interpreted, Vv=VM code, C=native code)
V  [jvm.dll+0x437cea]
V  [jvm.dll+0x437c44]
V  [jvm.dll+0x436b79]
V  [jvm.dll+0x4419bb]
V  [jvm.dll+0x4442b8]
V  [jvm.dll+0x4273d2]
V  [jvm.dll+0x8215f]
V  [jvm.dll+0x82abf]
V  [jvm.dll+0x21db7f]
V  [jvm.dll+0x26f5ba]
C  [msvcr100.dll+0x21d9f]
C  [msvcr100.dll+0x21e3b]
C  [kernel32.dll+0x1652d]
C  [ntdll.dll+0x2c521]


Current CompileTask:
C2:8261195 36401       4       groovyjarjarasm.asm.Frame::execute (2318 bytes)


---------------  P R O C E S S  ---------------

Java Threads: ( => current thread )
  0x0000000059dff800 JavaThread "Cache worker for Build Output Cleanup Cache (E:\AndroidProjects\Android\Inhouse\dazzlerr.com\code\Dazzlerr\.gradle\buildOutputCleanup)" [_thread_blocked, id=6624, stack(0x0000000066020000,0x0000000066120000)]
  0x0000000059dfb800 JavaThread "Build operations Thread 4" [_thread_blocked, id=4252, stack(0x0000000065ee0000,0x0000000065fe0000)]
  0x0000000059dfd000 JavaThread "Build operations Thread 3" [_thread_blocked, id=6040, stack(0x0000000065d70000,0x0000000065e70000)]
  0x0000000059df6000 JavaThread "Build operations Thread 2" [_thread_blocked, id=6716, stack(0x00000000651c0000,0x00000000652c0000)]
  0x0000000059dfe000 JavaThread "Build operations" [_thread_blocked, id=6440, stack(0x00000000648f0000,0x00000000649f0000)]
  0x0000000059dfa800 JavaThread "Cache worker for cache directory md-rule (C:\Users\UserNETAE\.gradle\caches\5.4.1\md-rule)" [_thread_blocked, id=7484, stack(0x00000000642c0000,0x00000000643c0000)]
  0x0000000061728000 JavaThread "Cache worker for cache directory md-supplier (C:\Users\UserNETAE\.gradle\caches\5.4.1\md-supplier)" [_thread_blocked, id=6544, stack(0x0000000062ba0000,0x0000000062ca0000)]
  0x0000000061726800 JavaThread "Cache worker for file hash cache (E:\AndroidProjects\Android\Inhouse\dazzlerr.com\code\Dazzlerr\.gradle\5.4.1\fileHashes)" [_thread_blocked, id=7360, stack(0x0000000062310000,0x0000000062410000)]
  0x0000000061727800 JavaThread "Thread-233" [_thread_blocked, id=7520, stack(0x0000000062200000,0x0000000062300000)]
  0x0000000061722000 JavaThread "Stdin handler" [_thread_blocked, id=7552, stack(0x00000000620e0000,0x00000000621e0000)]
  0x0000000061726000 JavaThread "Asynchronous log dispatcher for DefaultDaemonConnection: socket connection from /127.0.0.1:49296 to /127.0.0.1:57139" [_thread_blocked, id=6416, stack(0x0000000061fa0000,0x00000000620a0000)]
  0x0000000061723800 JavaThread "Daemon worker Thread 9" [_thread_in_Java, id=6296, stack(0x000000005ecf0000,0x000000005edf0000)]
  0x0000000061724000 JavaThread "Cancel handler" [_thread_blocked, id=2364, stack(0x000000005b720000,0x000000005b820000)]
  0x0000000061725000 JavaThread "Handler for socket connection from /127.0.0.1:49296 to /127.0.0.1:57139" [_thread_in_native, id=7620, stack(0x000000005bce0000,0x000000005bde0000)]
  0x0000000061721000 JavaThread "Daemon Thread 9" [_thread_blocked, id=8072, stack(0x000000005bde0000,0x000000005bee0000)]
  0x000000005dc07000 JavaThread "RMI TCP Connection(idle)" daemon [_thread_blocked, id=8036, stack(0x000000005b480000,0x000000005b580000)]
  0x000000005d720000 JavaThread "Cache worker for Java compile cache (C:\Users\UserNETAE\.gradle\caches\5.4.1\javaCompile)" [_thread_blocked, id=5728, stack(0x0000000068420000,0x0000000068520000)]
  0x000000005fe79800 JavaThread "MarlinRenderer Disposer" daemon [_thread_blocked, id=4364, stack(0x0000000068680000,0x0000000068780000)]
  0x000000005fe7e000 JavaThread "Java2D Disposer" daemon [_thread_blocked, id=6852, stack(0x0000000068570000,0x0000000068670000)]
  0x000000005fe7b800 JavaThread "RMI Reaper" [_thread_blocked, id=6092, stack(0x0000000066ee0000,0x0000000066fe0000)]
  0x000000005fe7b000 JavaThread "RMI TCP Accept-0" daemon [_thread_in_native, id=5168, stack(0x0000000066930000,0x0000000066a30000)]
  0x000000005fe7a000 JavaThread "GC Daemon" daemon [_thread_blocked, id=5152, stack(0x0000000066b40000,0x0000000066c40000)]
  0x000000005fe78800 JavaThread "RMI Scheduler(0)" daemon [_thread_blocked, id=3168, stack(0x0000000065c00000,0x0000000065d00000)]
  0x000000005dc08800 JavaThread "Cache worker for file content cache (C:\Users\UserNETAE\.gradle\caches\5.4.1\fileContent)" [_thread_blocked, id=5716, stack(0x0000000063e50000,0x0000000063f50000)]
  0x0000000059e02800 JavaThread "Memory manager" [_thread_blocked, id=5016, stack(0x0000000063940000,0x0000000063a40000)]
  0x0000000059dfc800 JavaThread "Cache worker for execution history cache (C:\Users\UserNETAE\.gradle\caches\5.4.1\executionHistory)" [_thread_blocked, id=6076, stack(0x0000000060930000,0x0000000060a30000)]
  0x0000000059df5800 JavaThread "Cache worker for journal cache (C:\Users\UserNETAE\.gradle\caches\journal-1)" [_thread_blocked, id=6140, stack(0x000000005c5a0000,0x000000005c6a0000)]
  0x0000000059df4800 JavaThread "File lock request listener" [_thread_in_native, id=5236, stack(0x000000005c3c0000,0x000000005c4c0000)]
  0x000000005a02b000 JavaThread "Cache worker for file hash cache (C:\Users\UserNETAE\.gradle\caches\5.4.1\fileHashes)" [_thread_blocked, id=5628, stack(0x000000005c290000,0x000000005c390000)]
  0x0000000059357800 JavaThread "Daemon periodic checks" [_thread_blocked, id=5824, stack(0x000000005b240000,0x000000005b340000)]
  0x00000000596d6000 JavaThread "Incoming local TCP Connector on port 49296" [_thread_in_native, id=3044, stack(0x000000005b620000,0x000000005b720000)]
  0x0000000059389000 JavaThread "Daemon health stats" [_thread_blocked, id=4556, stack(0x0000000058ef0000,0x0000000058ff0000)]
  0x0000000057d35800 JavaThread "Service Thread" daemon [_thread_blocked, id=4868, stack(0x00000000585b0000,0x00000000586b0000)]
  0x0000000057cc4000 JavaThread "C1 CompilerThread2" daemon [_thread_blocked, id=2208, stack(0x0000000058400000,0x0000000058500000)]
=>0x0000000057cc0800 JavaThread "C2 CompilerThread1" daemon [_thread_in_native, id=3544, stack(0x0000000058270000,0x0000000058370000)]
  0x00000000563ed000 JavaThread "C2 CompilerThread0" daemon [_thread_in_native, id=2332, stack(0x0000000057a00000,0x0000000057b00000)]
  0x00000000563fe000 JavaThread "Attach Listener" daemon [_thread_blocked, id=3220, stack(0x0000000057bc0000,0x0000000057cc0000)]
  0x00000000563fa800 JavaThread "Signal Dispatcher" daemon [_thread_blocked, id=5444, stack(0x0000000057900000,0x0000000057a00000)]
  0x00000000563d8800 JavaThread "Finalizer" daemon [_thread_blocked, id=3716, stack(0x0000000057720000,0x0000000057820000)]
  0x00000000563d1000 JavaThread "Reference Handler" daemon [_thread_blocked, id=5980, stack(0x0000000057550000,0x0000000057650000)]
  0x000000000217e800 JavaThread "main" [_thread_blocked, id=2224, stack(0x00000000022e0000,0x00000000023e0000)]

Other Threads:
  0x0000000056389800 VMThread [stack: 0x00000000573b0000,0x00000000574b0000] [id=5636]
  0x0000000057d3c000 WatcherThread [stack: 0x00000000580c0000,0x00000000581c0000] [id=5264]

VM state:not at safepoint (normal execution)

VM Mutex/Monitor currently owned by a thread: None

heap address: 0x00000000a0000000, size: 1536 MB, Compressed Oops mode: 32-bit
Narrow klass base: 0x0000000000000000, Narrow klass shift: 0
Compressed class space size: 1073741824 Address: 0x0000000015a00000

Heap:
 PSYoungGen      total 440832K, used 60108K [0x00000000e0000000, 0x00000000ffb00000, 0x0000000100000000)
  eden space 368640K, 15% used [0x00000000e0000000,0x00000000e37ed190,0x00000000f6800000)
  from space 72192K, 3% used [0x00000000f6800000,0x00000000f6ac6238,0x00000000fae80000)
  to   space 70656K, 0% used [0x00000000fb600000,0x00000000fb600000,0x00000000ffb00000)
 ParOldGen       total 613888K, used 302181K [0x00000000a0000000, 0x00000000c5780000, 0x00000000e0000000)
  object space 613888K, 49% used [0x00000000a0000000,0x00000000b27195c0,0x00000000c5780000)
 Metaspace       used 117411K, capacity 123118K, committed 123480K, reserved 1157120K
  class space    used 14511K, capacity 15613K, committed 15744K, reserved 1048576K

Card table byte_map: [0x0000000011b40000,0x0000000011e50000] byte_map_base: 0x0000000011640000

Marking Bits: (ParMarkBitMap*) 0x0000000069f99f30
 Begin Bits: [0x0000000012700000, 0x0000000013f00000)
 End Bits:   [0x0000000013f00000, 0x0000000015700000)

Polling page: 0x0000000001b60000

CodeCache: size=245760Kb used=96291Kb max_used=96291Kb free=149468Kb
 bounds [0x0000000002780000, 0x0000000008610000, 0x0000000011780000]
 total_blobs=26924 nmethods=25852 adapters=983
 compilation: enabled

Compilation events (10 events):
Event: 8257.970 Thread 0x00000000563ed000 36451       4       sun.reflect.generics.parser.SignatureParser::parseTypeSignature (130 bytes)
Event: 8257.970 Thread 0x0000000057cc4000 36450       3       org.gradle.internal.metaobject.BeanDynamicObject$MetaClassAdapter::getOpaqueProperty (4 bytes)
Event: 8257.970 Thread 0x0000000057cc4000 nmethod 36450 0x000000000298bc10 code [0x000000000298bd80, 0x000000000298bf30]
Event: 8257.972 Thread 0x00000000563ed000 nmethod 36451 0x0000000002ac6ed0 code [0x0000000002ac7140, 0x0000000002ac7238]
Event: 8257.972 Thread 0x00000000563ed000 36453       4       org.codehaus.groovy.util.ComplexKeyHashMap$1::nextEntry (69 bytes)
Event: 8257.972 Thread 0x0000000057cc4000 36454       3       groovy.lang.MetaClassImpl::getSuperClasses (92 bytes)
Event: 8257.973 Thread 0x0000000057cc4000 nmethod 36454 0x0000000008607810 code [0x0000000008607a40, 0x0000000008608488]
Event: 8257.975 Thread 0x00000000563ed000 nmethod 36453 0x0000000008607410 code [0x0000000008607560, 0x00000000086076d8]
Event: 8257.975 Thread 0x00000000563ed000 36452       4       org.codehaus.groovy.util.ComplexKeyHashMap$1::next (5 bytes)
Event: 8257.978 Thread 0x00000000563ed000 nmethod 36452 0x0000000003a7a710 code [0x0000000003a7a860, 0x0000000003a7a9d8]

GC Heap History (10 events):
Event: 6196.169 GC heap before
{Heap before GC invocations=119 (full 8):
 PSYoungGen      total 439808K, used 381243K [0x00000000e0000000, 0x0000000100000000, 0x0000000100000000)
  eden space 352256K, 98% used [0x00000000e0000000,0x00000000f525c6f0,0x00000000f5800000)
  from space 87552K, 39% used [0x00000000faa80000,0x00000000fcc728e0,0x0000000100000000)
  to   space 84480K, 0% used [0x00000000f5800000,0x00000000f5800000,0x00000000faa80000)
 ParOldGen       total 613888K, used 272372K [0x00000000a0000000, 0x00000000c5780000, 0x00000000e0000000)
  object space 613888K, 44% used [0x00000000a0000000,0x00000000b09fd2e8,0x00000000c5780000)
 Metaspace       used 113019K, capacity 118054K, committed 119640K, reserved 1153024K
  class space    used 14014K, capacity 14944K, committed 15232K, reserved 1048576K
Event: 6196.180 GC heap after
Heap after GC invocations=119 (full 8):
 PSYoungGen      total 371200K, used 18646K [0x00000000e0000000, 0x00000000ff500000, 0x0000000100000000)
  eden space 352256K, 0% used [0x00000000e0000000,0x00000000e0000000,0x00000000f5800000)
  from space 18944K, 98% used [0x00000000f5800000,0x00000000f6a359f8,0x00000000f6a80000)
  to   space 80384K, 0% used [0x00000000fa680000,0x00000000fa680000,0x00000000ff500000)
 ParOldGen       total 613888K, used 279861K [0x00000000a0000000, 0x00000000c5780000, 0x00000000e0000000)
  object space 613888K, 45% used [0x00000000a0000000,0x00000000b114d468,0x00000000c5780000)
 Metaspace       used 113019K, capacity 118054K, committed 119640K, reserved 1153024K
  class space    used 14014K, capacity 14944K, committed 15232K, reserved 1048576K
}
Event: 8075.529 GC heap before
{Heap before GC invocations=120 (full 8):
 PSYoungGen      total 371200K, used 370902K [0x00000000e0000000, 0x00000000ff500000, 0x0000000100000000)
  eden space 352256K, 100% used [0x00000000e0000000,0x00000000f5800000,0x00000000f5800000)
  from space 18944K, 98% used [0x00000000f5800000,0x00000000f6a359f8,0x00000000f6a80000)
  to   space 80384K, 0% used [0x00000000fa680000,0x00000000fa680000,0x00000000ff500000)
 ParOldGen       total 613888K, used 279879K [0x00000000a0000000, 0x00000000c5780000, 0x00000000e0000000)
  object space 613888K, 45% used [0x00000000a0000000,0x00000000b1151ce0,0x00000000c5780000)
 Metaspace       used 113480K, capacity 118764K, committed 119640K, reserved 1153024K
  class space    used 14082K, capacity 15062K, committed 15232K, reserved 1048576K
Event: 8075.547 GC heap after
Heap after GC invocations=120 (full 8):
 PSYoungGen      total 435712K, used 14368K [0x00000000e0000000, 0x0000000100000000, 0x0000000100000000)
  eden space 355328K, 0% used [0x00000000e0000000,0x00000000e0000000,0x00000000f5b00000)
  from space 80384K, 17% used [0x00000000fa680000,0x00000000fb488040,0x00000000ff500000)
  to   space 77312K, 0% used [0x00000000f5b00000,0x00000000f5b00000,0x00000000fa680000)
 ParOldGen       total 613888K, used 280704K [0x00000000a0000000, 0x00000000c5780000, 0x00000000e0000000)
  object space 613888K, 45% used [0x00000000a0000000,0x00000000b1220090,0x00000000c5780000)
 Metaspace       used 113480K, capacity 118764K, committed 119640K, reserved 1153024K
  class space    used 14082K, capacity 15062K, committed 15232K, reserved 1048576K
}
Event: 8079.327 GC heap before
{Heap before GC invocations=121 (full 8):
 PSYoungGen      total 435712K, used 369696K [0x00000000e0000000, 0x0000000100000000, 0x0000000100000000)
  eden space 355328K, 100% used [0x00000000e0000000,0x00000000f5b00000,0x00000000f5b00000)
  from space 80384K, 17% used [0x00000000fa680000,0x00000000fb488040,0x00000000ff500000)
  to   space 77312K, 0% used [0x00000000f5b00000,0x00000000f5b00000,0x00000000fa680000)
 ParOldGen       total 613888K, used 280704K [0x00000000a0000000, 0x00000000c5780000, 0x00000000e0000000)
  object space 613888K, 45% used [0x00000000a0000000,0x00000000b1220090,0x00000000c5780000)
 Metaspace       used 113543K, capacity 118842K, committed 119640K, reserved 1153024K
  class space    used 14089K, capacity 15075K, committed 15232K, reserved 1048576K
Event: 8079.353 GC heap after
Heap after GC invocations=121 (full 8):
 PSYoungGen      total 432640K, used 14470K [0x00000000e0000000, 0x00000000ff700000, 0x0000000100000000)
  eden space 355328K, 0% used [0x00000000e0000000,0x00000000e0000000,0x00000000f5b00000)
  from space 77312K, 18% used [0x00000000f5b00000,0x00000000f6921ac0,0x00000000fa680000)
  to   space 74240K, 0% used [0x00000000fae80000,0x00000000fae80000,0x00000000ff700000)
 ParOldGen       total 613888K, used 293931K [0x00000000a0000000, 0x00000000c5780000, 0x00000000e0000000)
  object space 613888K, 47% used [0x00000000a0000000,0x00000000b1f0ad08,0x00000000c5780000)
 Metaspace       used 113543K, capacity 118842K, committed 119640K, reserved 1153024K
  class space    used 14089K, capacity 15075K, committed 15232K, reserved 1048576K
}
Event: 8085.563 GC heap before
{Heap before GC invocations=122 (full 8):
 PSYoungGen      total 432640K, used 369798K [0x00000000e0000000, 0x00000000ff700000, 0x0000000100000000)
  eden space 355328K, 100% used [0x00000000e0000000,0x00000000f5b00000,0x00000000f5b00000)
  from space 77312K, 18% used [0x00000000f5b00000,0x00000000f6921ac0,0x00000000fa680000)
  to   space 74240K, 0% used [0x00000000fae80000,0x00000000fae80000,0x00000000ff700000)
 ParOldGen       total 613888K, used 293931K [0x00000000a0000000, 0x00000000c5780000, 0x00000000e0000000)
  object space 613888K, 47% used [0x00000000a0000000,0x00000000b1f0ad08,0x00000000c5780000)
 Metaspace       used 113578K, capacity 118878K, committed 119640K, reserved 1153024K
  class space    used 14092K, capacity 15081K, committed 15232K, reserved 1048576K
Event: 8085.577 GC heap after
Heap after GC invocations=122 (full 8):
 PSYoungGen      total 442880K, used 8319K [0x00000000e0000000, 0x00000000ff900000, 0x0000000100000000)
  eden space 368640K, 0% used [0x00000000e0000000,0x00000000e0000000,0x00000000f6800000)
  from space 74240K, 11% used [0x00000000fae80000,0x00000000fb69fc10,0x00000000ff700000)
  to   space 72192K, 0% used [0x00000000f6800000,0x00000000f6800000,0x00000000fae80000)
 ParOldGen       total 613888K, used 297307K [0x00000000a0000000, 0x00000000c5780000, 0x00000000e0000000)
  object space 613888K, 48% used [0x00000000a0000000,0x00000000b2256e48,0x00000000c5780000)
 Metaspace       used 113578K, capacity 118878K, committed 119640K, reserved 1153024K
  class space    used 14092K, capacity 15081K, committed 15232K, reserved 1048576K
}
Event: 8256.877 GC heap before
{Heap before GC invocations=123 (full 8):
 PSYoungGen      total 442880K, used 376959K [0x00000000e0000000, 0x00000000ff900000, 0x0000000100000000)
  eden space 368640K, 100% used [0x00000000e0000000,0x00000000f6800000,0x00000000f6800000)
  from space 74240K, 11% used [0x00000000fae80000,0x00000000fb69fc10,0x00000000ff700000)
  to   space 72192K, 0% used [0x00000000f6800000,0x00000000f6800000,0x00000000fae80000)
 ParOldGen       total 613888K, used 297307K [0x00000000a0000000, 0x00000000c5780000, 0x00000000e0000000)
  object space 613888K, 48% used [0x00000000a0000000,0x00000000b2256e48,0x00000000c5780000)
 Metaspace       used 114346K, capacity 119936K, committed 120536K, reserved 1155072K
  class space    used 14209K, capacity 15261K, committed 15360K, reserved 1048576K
Event: 8256.888 GC heap after
Heap after GC invocations=123 (full 8):
 PSYoungGen      total 440832K, used 2840K [0x00000000e0000000, 0x00000000ffb00000, 0x0000000100000000)
  eden space 368640K, 0% used [0x00000000e0000000,0x00000000e0000000,0x00000000f6800000)
  from space 72192K, 3% used [0x00000000f6800000,0x00000000f6ac6238,0x00000000fae80000)
  to   space 70656K, 0% used [0x00000000fb600000,0x00000000fb600000,0x00000000ffb00000)
 ParOldGen       total 613888K, used 302181K [0x00000000a0000000, 0x00000000c5780000, 0x00000000e0000000)
  object space 613888K, 49% used [0x00000000a0000000,0x00000000b27195c0,0x00000000c5780000)
 Metaspace       used 114346K, capacity 119936K, committed 120536K, reserved 1155072K
  class space    used 14209K, capacity 15261K, committed 15360K, reserved 1048576K
}

Deoptimization events (10 events):
Event: 8257.867 Thread 0x0000000061723800 Uncommon trap: reason=unstable_if action=reinterpret pc=0x00000000075e1784 method=org.objectweb.asm.MethodVisitor.visitEnd()V @ 4
Event: 8257.867 Thread 0x0000000061723800 Uncommon trap: reason=class_check action=maybe_recompile pc=0x00000000031a2968 method=org.objectweb.asm.Label.accept(Lorg/objectweb/asm/MethodVisitor;Z)V @ 25
Event: 8257.867 Thread 0x0000000061723800 Uncommon trap: reason=unstable_if action=reinterpret pc=0x0000000002c03b48 method=org.objectweb.asm.MethodVisitor.visitLdcInsn(Ljava/lang/Object;)V @ 75
Event: 8257.867 Thread 0x0000000061723800 Uncommon trap: reason=class_check action=maybe_recompile pc=0x00000000031a2968 method=org.objectweb.asm.Label.accept(Lorg/objectweb/asm/MethodVisitor;Z)V @ 25
Event: 8257.867 Thread 0x0000000061723800 Uncommon trap: reason=class_check action=maybe_recompile pc=0x00000000031a2968 method=org.objectweb.asm.Label.accept(Lorg/objectweb/asm/MethodVisitor;Z)V @ 25
Event: 8257.867 Thread 0x0000000061723800 Uncommon trap: reason=class_check action=maybe_recompile pc=0x00000000031a2968 method=org.objectweb.asm.Label.accept(Lorg/objectweb/asm/MethodVisitor;Z)V @ 25
Event: 8257.869 Thread 0x0000000061723800 Uncommon trap: reason=unstable_if action=reinterpret pc=0x000000000754c34c method=org.objectweb.asm.MethodVisitor.visitJumpInsn(ILorg/objectweb/asm/Label;)V @ 4
Event: 8257.872 Thread 0x0000000061723800 Uncommon trap: reason=unstable_if action=reinterpret pc=0x0000000007fe61dc method=org.objectweb.asm.ClassReader.readCode(Lorg/objectweb/asm/MethodVisitor;Lorg/objectweb/asm/Context;I)V @ 1836
Event: 8257.884 Thread 0x0000000061723800 Uncommon trap: reason=unstable_if action=reinterpret pc=0x0000000007fabaf8 method=org.objectweb.asm.ClassReader.readCode(Lorg/objectweb/asm/MethodVisitor;Lorg/objectweb/asm/Context;I)V @ 2213
Event: 8257.909 Thread 0x0000000061723800 Uncommon trap: reason=unstable_if action=reinterpret pc=0x0000000005d113d0 method=java.lang.ClassValue.match(Ljava/lang/ClassValue$Entry;)Z @ 12

Classes redefined (0 events):
No events

Internal exceptions (10 events):
Event: 8256.995 Thread 0x0000000061723800 Exception <a 'java/lang/ClassNotFoundException': java/util/CollectionCustomizer> (0x00000000e0397098) thrown at [D:\src\AOSP-openjdk-cygwin\jdk8u\hotspot\src\share\vm\classfile\systemDictionary.cpp, line 210]
Event: 8257.037 Thread 0x0000000061723800 Implicit null exception at 0x0000000002f23a43 to 0x0000000002f23eb5
Event: 8257.039 Thread 0x0000000061723800 Implicit null exception at 0x0000000003c2f464 to 0x0000000003c2f82d
Event: 8257.144 Thread 0x0000000061723800 Implicit null exception at 0x0000000003e71b3c to 0x0000000003e72541
Event: 8257.911 Thread 0x0000000061723800 Exception <a 'java/lang/ClassNotFoundException': build_bxw4sbvg0ji77qbjbg8yu5xy3BeanInfo> (0x00000000e2b58590) thrown at [D:\src\AOSP-openjdk-cygwin\jdk8u\hotspot\src\share\vm\classfile\systemDictionary.cpp, line 210]
Event: 8257.912 Thread 0x0000000061723800 Exception <a 'java/lang/ClassNotFoundException': build_bxw4sbvg0ji77qbjbg8yu5xy3Customizer> (0x00000000e2b64150) thrown at [D:\src\AOSP-openjdk-cygwin\jdk8u\hotspot\src\share\vm\classfile\systemDictionary.cpp, line 210]
Event: 8257.969 Thread 0x0000000061723800 Exception <a 'java/lang/ClassNotFoundException': build_bxw4sbvg0ji77qbjbg8yu5xy3$_run_closure1$_closure6BeanInfo> (0x00000000e2fdf898) thrown at [D:\src\AOSP-openjdk-cygwin\jdk8u\hotspot\src\share\vm\classfile\systemDictionary.cpp, line 210]
Event: 8257.970 Thread 0x0000000061723800 Exception <a 'java/lang/ClassNotFoundException': build_bxw4sbvg0ji77qbjbg8yu5xy3$_run_closure1$_closure6Customizer> (0x00000000e2ff1610) thrown at [D:\src\AOSP-openjdk-cygwin\jdk8u\hotspot\src\share\vm\classfile\systemDictionary.cpp, line 210]
Event: 8257.971 Thread 0x0000000061723800 Exception <a 'java/lang/ClassNotFoundException': build_bxw4sbvg0ji77qbjbg8yu5xy3$_run_closure1BeanInfo> (0x00000000e3053608) thrown at [D:\src\AOSP-openjdk-cygwin\jdk8u\hotspot\src\share\vm\classfile\systemDictionary.cpp, line 210]
Event: 8257.972 Thread 0x0000000061723800 Exception <a 'java/lang/ClassNotFoundException': build_bxw4sbvg0ji77qbjbg8yu5xy3$_run_closure1Customizer> (0x00000000e3064358) thrown at [D:\src\AOSP-openjdk-cygwin\jdk8u\hotspot\src\share\vm\classfile\systemDictionary.cpp, line 210]

Events (10 events):
Event: 8257.976 Executing VM operation: RevokeBias
Event: 8257.976 Executing VM operation: RevokeBias done
Event: 8257.976 Executing VM operation: RevokeBias
Event: 8257.976 Executing VM operation: RevokeBias done
Event: 8257.977 Executing VM operation: RevokeBias
Event: 8257.977 Executing VM operation: RevokeBias done
Event: 8257.977 Executing VM operation: BulkRevokeBias
Event: 8257.977 Executing VM operation: BulkRevokeBias done
Event: 8257.979 loading class groovy/runtime/metaclass/build_bxw4sbvg0ji77qbjbg8yu5xy3$_run_closure2$_closure9MetaClass
Event: 8257.979 loading class groovy/runtime/metaclass/build_bxw4sbvg0ji77qbjbg8yu5xy3$_run_closure2$_closure9MetaClass done


Dynamic libraries:
0x000000013f260000 - 0x000000013f291000 	C:\Program Files\Android\Android Studio\jre\bin\java.exe
0x0000000076f50000 - 0x00000000770f9000 	C:\Windows\SYSTEM32\ntdll.dll
0x0000000076e30000 - 0x0000000076f4f000 	C:\Windows\system32\kernel32.dll
0x000007fefd030000 - 0x000007fefd09b000 	C:\Windows\system32\KERNELBASE.dll
0x000007fefe830000 - 0x000007fefe90b000 	C:\Windows\system32\ADVAPI32.dll
0x000007fefd270000 - 0x000007fefd30f000 	C:\Windows\system32\msvcrt.dll
0x000007fefec30000 - 0x000007fefec4f000 	C:\Windows\SYSTEM32\sechost.dll
0x000007fefee60000 - 0x000007fefef8d000 	C:\Windows\system32\RPCRT4.dll
0x0000000076d30000 - 0x0000000076e2a000 	C:\Windows\system32\USER32.dll
0x000007fefe0a0000 - 0x000007fefe107000 	C:\Windows\system32\GDI32.dll
0x000007fefe110000 - 0x000007fefe11e000 	C:\Windows\system32\LPK.dll
0x000007fefeb50000 - 0x000007fefec19000 	C:\Windows\system32\USP10.dll
0x000007fefa050000 - 0x000007fefa244000 	C:\Windows\WinSxS\amd64_microsoft.windows.common-controls_6595b64144ccf1df_6.0.7601.17514_none_fa396087175ac9ac\COMCTL32.dll
0x000007fefe250000 - 0x000007fefe2c1000 	C:\Windows\system32\SHLWAPI.dll
0x000007feff230000 - 0x000007feff25e000 	C:\Windows\system32\IMM32.DLL
0x000007fefe910000 - 0x000007fefea19000 	C:\Windows\system32\MSCTF.dll
0x0000000066a40000 - 0x0000000066b12000 	C:\Program Files\Android\Android Studio\jre\jre\bin\msvcr100.dll
0x00000000697d0000 - 0x000000006a016000 	C:\Program Files\Android\Android Studio\jre\jre\bin\server\jvm.dll
0x000007fef6d80000 - 0x000007fef6d89000 	C:\Windows\system32\WSOCK32.dll
0x000007fefeb00000 - 0x000007fefeb4d000 	C:\Windows\system32\WS2_32.dll
0x000007fefec20000 - 0x000007fefec28000 	C:\Windows\system32\NSI.dll
0x000007fef9770000 - 0x000007fef97ab000 	C:\Windows\system32\WINMM.dll
0x000007fefbf20000 - 0x000007fefbf2c000 	C:\Windows\system32\VERSION.dll
0x0000000077120000 - 0x0000000077127000 	C:\Windows\system32\PSAPI.DLL
0x000007fef9280000 - 0x000007fef928f000 	C:\Program Files\Android\Android Studio\jre\jre\bin\verify.dll
0x000007fef9250000 - 0x000007fef9279000 	C:\Program Files\Android\Android Studio\jre\jre\bin\java.dll
0x000007fef9230000 - 0x000007fef9246000 	C:\Program Files\Android\Android Studio\jre\jre\bin\zip.dll
0x000007fefd310000 - 0x000007fefe098000 	C:\Windows\system32\SHELL32.dll
0x000007fefec50000 - 0x000007fefee53000 	C:\Windows\system32\ole32.dll
0x000007fefcea0000 - 0x000007fefceaf000 	C:\Windows\system32\profapi.dll
0x000007fef9210000 - 0x000007fef922a000 	C:\Program Files\Android\Android Studio\jre\jre\bin\net.dll
0x000007fefc6d0000 - 0x000007fefc725000 	C:\Windows\system32\mswsock.dll
0x000007fefc6c0000 - 0x000007fefc6c7000 	C:\Windows\System32\wship6.dll
0x000007fef2390000 - 0x000007fef23a1000 	C:\Program Files\Android\Android Studio\jre\jre\bin\nio.dll
0x000007feea8c0000 - 0x000007feea8e6000 	C:\Users\UserNETAE\.gradle\native\29\windows-amd64\native-platform.dll
0x000007fef1400000 - 0x000007fef1403000 	C:\Windows\system32\api-ms-win-core-synch-l1-2-0.DLL
0x000007fef23c0000 - 0x000007fef23cd000 	C:\Program Files\Android\Android Studio\jre\jre\bin\management.dll
0x000007fefc730000 - 0x000007fefc747000 	C:\Windows\system32\CRYPTSP.dll
0x000007fefc430000 - 0x000007fefc477000 	C:\Windows\system32\rsaenh.dll
0x000007fefc210000 - 0x000007fefc22e000 	C:\Windows\system32\USERENV.dll
0x000007fefcd90000 - 0x000007fefcd9f000 	C:\Windows\system32\CRYPTBASE.dll
0x000007fefbef0000 - 0x000007fefbf17000 	C:\Windows\system32\IPHLPAPI.DLL
0x000007fefbee0000 - 0x000007fefbeeb000 	C:\Windows\system32\WINNSI.DLL
0x000007fef9150000 - 0x000007fef9161000 	C:\Windows\system32\dhcpcsvc6.DLL
0x000007fefbe10000 - 0x000007fefbe28000 	C:\Windows\system32\dhcpcsvc.DLL
0x000007feec840000 - 0x000007feec864000 	C:\Program Files\Android\Android Studio\jre\jre\bin\sunec.dll
0x000007fefbbc0000 - 0x000007fefbbc7000 	C:\Windows\System32\wshtcpip.dll
0x000007fefc550000 - 0x000007fefc5ab000 	C:\Windows\system32\DNSAPI.dll
0x000007fef5310000 - 0x000007fef533f000 	C:\Program Files\Common Files\Microsoft Shared\Windows Live\WLIDNSP.DLL
0x000007fef4f30000 - 0x000007fef4f38000 	C:\Windows\system32\rasadhlp.dll
0x000007fef9170000 - 0x000007fef91c3000 	C:\Windows\System32\fwpuclnt.dll
0x000007fef20f0000 - 0x000007fef20fb000 	C:\Program Files\Android\Android Studio\jre\jre\bin\sunmscapi.dll
0x000007fefd0a0000 - 0x000007fefd207000 	C:\Windows\system32\CRYPT32.dll
0x000007fefcf40000 - 0x000007fefcf4f000 	C:\Windows\system32\MSASN1.dll
0x000007fefcd30000 - 0x000007fefcd87000 	C:\Windows\system32\apphelp.dll
0x000007fef8960000 - 0x000007fef897e000 	C:\Users\UserNETAE\AppData\Local\Temp\native-platform7824456214589369092dir\native-platform.dll
0x000007feeb910000 - 0x000007feebaac000 	C:\Program Files\Android\Android Studio\jre\jre\bin\awt.dll
0x000007fefbc20000 - 0x000007fefbc38000 	C:\Windows\system32\dwmapi.dll
0x000007fefea20000 - 0x000007fefeaf7000 	C:\Windows\system32\OLEAUT32.dll
0x000007feeb820000 - 0x000007feeb902000 	C:\Windows\system32\d2d1.dll
0x000007fef29f0000 - 0x000007fef2b15000 	C:\Windows\system32\dbghelp.dll

VM Arguments:
jvm_args: -Xmx1536m -Dfile.encoding=windows-1252 -Duser.country=US -Duser.language=en -Duser.variant 
java_command: org.gradle.launcher.daemon.bootstrap.GradleDaemon 5.4.1
java_class_path (initial): C:\Users\UserNETAE\.gradle\wrapper\dists\gradle-5.4.1-all\3221gyojl5jsh0helicew7rwx\gradle-5.4.1\lib\gradle-launcher-5.4.1.jar
Launcher Type: SUN_STANDARD

Environment Variables:
PATH=C:\Program Files (x86)\Common Files\Oracle\Java\javapath;C:\Program Files\Common Files\Microsoft Shared\Windows Live;C:\Program Files (x86)\Common Files\Microsoft Shared\Windows Live;C:\Windows\system32;C:\Windows;C:\Windows\System32\Wbem;C:\Windows\System32\WindowsPowerShell\v1.0\;C:\Program Files\TortoiseSVN\bin;C:\Program Files (x86)\Windows Live\Shared;C:\Program Files\Git\cmd
USERNAME=UserNETAE
OS=Windows_NT
PROCESSOR_IDENTIFIER=Intel64 Family 6 Model 42 Stepping 7, GenuineIntel



---------------  S Y S T E M  ---------------

OS: Windows 7 , 64 bit Build 7601 (6.1.7601.17514)

CPU:total 4 (initial active 4) (4 cores per cpu, 1 threads per core) family 6 model 42 stepping 7, cmov, cx8, fxsr, mmx, sse, sse2, sse3, ssse3, sse4.1, sse4.2, popcnt, avx, aes, clmul, tsc, tscinvbit

Memory: 4k page, physical 16655412k(6434632k free), swap 66252032k(55487512k free)

vm_info: OpenJDK 64-Bit Server VM (25.202-b03) for windows-amd64 JRE (1.8.0_202-release-1483-b03), built by "builder" with MS VC++ 10.0 (VS2010)

time: Fri Jan 24 11:39:58 2020
timezone: India Standard Time
elapsed time: 8258 seconds (0d 2h 17m 38s)

